Base path: /Applications/Unity/Unity.app/Contents
Pipe name: \\.\pipe\UnityShaderCompiler-64bit-1-2134852352
Cmd: getPlatforms
Cmd: preprocess
  insize=9195 outsize=2321 ok=1
Cmd: compileSnippet
  api=0 type=0 insize=6522 outsize=1018 kw= ok=1
Cmd: compileSnippet
  api=0 type=1 insize=6522 outsize=6 kw= ok=1
Cmd: compileSnippet
  api=0 type=0 insize=6517 outsize=1841 kw= ok=1
Cmd: compileSnippet
  api=0 type=1 insize=6517 outsize=6 kw= ok=1
Cmd: compileSnippet
  api=0 type=0 insize=6517 outsize=868 kw= ok=1
Cmd: compileSnippet
  api=0 type=1 insize=6517 outsize=6 kw= ok=1
Cmd: compileSnippet
  api=0 type=0 insize=6517 outsize=868 kw= ok=1
Cmd: compileSnippet
  api=0 type=1 insize=6517 outsize=6 kw= ok=1
Cmd: compileSnippet
  api=0 type=0 insize=6519 outsize=1142 kw= ok=1
Cmd: compileSnippet
  api=0 type=1 insize=6519 outsize=6 kw= ok=1
Cmd: compileSnippet
  api=0 type=0 insize=6519 outsize=668 kw= ok=1
Cmd: compileSnippet
  api=0 type=1 insize=6519 outsize=6 kw= ok=1
Cmd: compileSnippet
  api=0 type=0 insize=6528 outsize=890 kw= ok=1
Cmd: compileSnippet
  api=0 type=1 insize=6528 outsize=6 kw= ok=1
Cmd: compileSnippet
  api=0 type=0 insize=6533 outsize=620 kw= ok=1
Cmd: compileSnippet
  api=0 type=1 insize=6533 outsize=6 kw= ok=1
Cmd: compileSnippet
  api=0 type=0 insize=6526 outsize=414 kw= ok=1
Cmd: compileSnippet
  api=0 type=1 insize=6526 outsize=6 kw= ok=1
Cmd: compileSnippet
  api=0 type=0 insize=6524 outsize=957 kw= ok=1
Cmd: compileSnippet
  api=0 type=1 insize=6524 outsize=6 kw= ok=1
Cmd: compileSnippet
  api=0 type=0 insize=6531 outsize=1071 kw= ok=1
Cmd: compileSnippet
  api=0 type=1 insize=6531 outsize=6 kw= ok=1
Cmd: preprocess
  insize=11276 outsize=717 ok=1
Cmd: compileSnippet
  api=0 type=0 insize=10591 outsize=879 kw= ok=1
Cmd: compileSnippet
  api=0 type=1 insize=10591 outsize=6 kw= ok=1
Cmd: compileSnippet
  api=0 type=0 insize=10613 outsize=6122 kw= ok=1
Cmd: compileSnippet
  api=0 type=1 insize=10613 outsize=6 kw= ok=1
Cmd: compileSnippet
  api=0 type=0 insize=10612 outsize=6116 kw= ok=1
Cmd: compileSnippet
  api=0 type=1 insize=10612 outsize=6 kw= ok=1
Cmd: preprocess
  insize=12102 outsize=2976 ok=1
Cmd: compileSnippet
  api=0 type=0 insize=5127 outsize=3941 kw=DIRECTIONAL SHADOWS_OFF LIGHTMAP_OFF DIRLIGHTMAP_OFF DYNAMICLIGHTMAP_OFF ok=1
Cmd: compileSnippet
  api=0 type=1 insize=5127 outsize=6 kw=DIRECTIONAL SHADOWS_OFF LIGHTMAP_OFF DIRLIGHTMAP_OFF DYNAMICLIGHTMAP_OFF ok=1
Cmd: compileSnippet
  api=0 type=0 insize=4677 outsize=3644 kw=POINT SHADOWS_OFF ok=1
Cmd: compileSnippet
  api=0 type=1 insize=4677 outsize=6 kw=POINT SHADOWS_OFF ok=1
Cmd: preprocess
  insize=1209 outsize=458 ok=1
Cmd: compileSnippet
  api=0 type=0 insize=997 outsize=514 kw= ok=1
Cmd: compileSnippet
  api=0 type=1 insize=997 outsize=6 kw= ok=1
Cmd: compileSnippet
  api=0 type=0 insize=996 outsize=514 kw= ok=1
Cmd: compileSnippet
  api=0 type=1 insize=996 outsize=6 kw= ok=1
Cmd: preprocess
  insize=8652 outsize=772 ok=1
Cmd: compileSnippet
  api=0 type=0 insize=8118 outsize=2118 kw= ok=1
Cmd: compileSnippet
  api=0 type=1 insize=8118 outsize=6 kw= ok=1
Cmd: compileSnippet
  api=0 type=0 insize=8122 outsize=2249 kw= ok=1
Cmd: compileSnippet
  api=0 type=1 insize=8122 outsize=6 kw= ok=1
Cmd: compileSnippet
  api=0 type=0 insize=8142 outsize=2765 kw= ok=1
Cmd: compileSnippet
  api=0 type=1 insize=8142 outsize=6 kw= ok=1
Cmd: compileSnippet
  api=0 type=0 insize=8137 outsize=4219 kw= ok=1
Cmd: compileSnippet
  api=0 type=1 insize=8137 outsize=6 kw= ok=1
Cmd: preprocess
  insize=3160 outsize=1957 ok=1
Cmd: compileSnippet
  api=0 type=0 insize=1537 outsize=543 kw=DIRECTIONAL SHADOWS_OFF LIGHTMAP_OFF DIRLIGHTMAP_OFF DYNAMICLIGHTMAP_OFF ok=1
Cmd: compileSnippet
  api=0 type=1 insize=1537 outsize=6 kw=DIRECTIONAL SHADOWS_OFF LIGHTMAP_OFF DIRLIGHTMAP_OFF DYNAMICLIGHTMAP_OFF ok=1
Cmd: preprocess
  insize=1685 outsize=352 ok=1
Cmd: compileSnippet
  api=0 type=0 insize=1635 outsize=1552 kw= ok=1
Cmd: compileSnippet
  api=0 type=1 insize=1635 outsize=6 kw= ok=1
Cmd: preprocess
  insize=8231 outsize=2631 ok=1
Cmd: compileSnippet
  api=0 type=0 insize=3235 outsize=2107 kw=DIRECTIONAL SHADOWS_OFF LIGHTMAP_OFF DIRLIGHTMAP_OFF DYNAMICLIGHTMAP_OFF ok=1
Cmd: compileSnippet
  api=0 type=1 insize=3235 outsize=6 kw=DIRECTIONAL SHADOWS_OFF LIGHTMAP_OFF DIRLIGHTMAP_OFF DYNAMICLIGHTMAP_OFF ok=1
Cmd: compileSnippet
  api=0 type=0 insize=3040 outsize=1617 kw=POINT SHADOWS_OFF ok=1
Cmd: compileSnippet
  api=0 type=1 insize=3040 outsize=6 kw=POINT SHADOWS_OFF ok=1
Cmd: preprocess
  insize=919 outsize=355 ok=1
Cmd: compileSnippet
  api=0 type=0 insize=869 outsize=732 kw= ok=1
Cmd: compileSnippet
  api=0 type=1 insize=869 outsize=6 kw= ok=1
Cmd: preprocess
  insize=1006 outsize=316 ok=1
Cmd: compileSnippet
  api=0 type=0 insize=995 outsize=530 kw= ok=1
Cmd: compileSnippet
  api=0 type=1 insize=995 outsize=6 kw= ok=1
Cmd: preprocess
  insize=1989 outsize=486 ok=1
Cmd: compileSnippet
  api=0 type=0 insize=1805 outsize=848 kw= ok=1
Cmd: compileSnippet
  api=0 type=1 insize=1805 outsize=6 kw= ok=1
Cmd: preprocess
  insize=1291 outsize=412 ok=1
Cmd: compileSnippet
  api=0 type=0 insize=1184 outsize=806 kw= ok=1
Cmd: compileSnippet
  api=0 type=1 insize=1184 outsize=6 kw= ok=1
Cmd: preprocess
  insize=3562 outsize=711 ok=1
Cmd: compileSnippet
  api=0 type=0 insize=3087 outsize=669 kw= ok=1
Cmd: compileSnippet
  api=0 type=1 insize=3087 outsize=6 kw= ok=1
Cmd: compileSnippet
  api=0 type=0 insize=3085 outsize=659 kw= ok=1
Cmd: compileSnippet
  api=0 type=1 insize=3085 outsize=6 kw= ok=1
Cmd: compileSnippet
  api=0 type=0 insize=3130 outsize=2257 kw= ok=1
Cmd: compileSnippet
  api=0 type=1 insize=3130 outsize=6 kw= ok=1
Cmd: preprocess
  insize=17874 outsize=5840 ok=1
Cmd: compileSnippet
  api=0 type=0 insize=7462 outsize=4119 kw=DIRECTIONAL SHADOWS_OFF LIGHTMAP_OFF DIRLIGHTMAP_OFF DYNAMICLIGHTMAP_OFF ok=1
Cmd: compileSnippet
  api=0 type=1 insize=7462 outsize=6 kw=DIRECTIONAL SHADOWS_OFF LIGHTMAP_OFF DIRLIGHTMAP_OFF DYNAMICLIGHTMAP_OFF ok=1
Cmd: compileSnippet
  api=0 type=0 insize=5250 outsize=4115 kw=POINT SHADOWS_OFF ok=1
Cmd: compileSnippet
  api=0 type=1 insize=5250 outsize=6 kw=POINT SHADOWS_OFF ok=1
Cmd: preprocess
  insize=3192 outsize=2009 ok=1
Cmd: compileSnippet
  api=0 type=0 insize=1518 outsize=535 kw=DIRECTIONAL SHADOWS_OFF LIGHTMAP_OFF DIRLIGHTMAP_OFF DYNAMICLIGHTMAP_OFF ok=1
Cmd: compileSnippet
  api=0 type=1 insize=1518 outsize=6 kw=DIRECTIONAL SHADOWS_OFF LIGHTMAP_OFF DIRLIGHTMAP_OFF DYNAMICLIGHTMAP_OFF ok=1
Cmd: preprocess
  insize=2405 outsize=2405 ok=1
Cmd: preprocess
  insize=5671 outsize=3011 ok=1
Cmd: compileSnippet
  api=0 type=0 insize=2996 outsize=1878 kw=DIRECTIONAL SHADOWS_OFF LIGHTMAP_OFF DIRLIGHTMAP_OFF DYNAMICLIGHTMAP_OFF ok=1
Cmd: compileSnippet
  api=0 type=1 insize=2996 outsize=6 kw=DIRECTIONAL SHADOWS_OFF LIGHTMAP_OFF DIRLIGHTMAP_OFF DYNAMICLIGHTMAP_OFF ok=1
Cmd: preprocess
  insize=1183 outsize=296 ok=1
Cmd: compileSnippet
  api=0 type=0 insize=1189 outsize=1379 kw= ok=1
Cmd: compileSnippet
  api=0 type=1 insize=1189 outsize=6 kw= ok=1
Cmd: preprocess
  insize=1235 outsize=409 ok=1
Cmd: compileSnippet
  api=0 type=0 insize=1131 outsize=1235 kw= ok=1
Cmd: compileSnippet
  api=0 type=1 insize=1131 outsize=6 kw= ok=1
Cmd: preprocess
  insize=6551 outsize=798 ok=1
Cmd: compileSnippet
  error: 2 plat 0 at frag_ao.cginc(2): ']' : syntax error syntax error\nCompiling Vertex program
  api=0 type=0 insize=1797 outsize=0 kw= ok=0
Cmd: preprocess
  insize=1173 outsize=314 ok=1
Cmd: compileSnippet
  api=0 type=0 insize=1164 outsize=972 kw= ok=1
Cmd: compileSnippet
  api=0 type=1 insize=1164 outsize=6 kw= ok=1
Cmd: preprocess
  insize=3222 outsize=1888 ok=1
Cmd: compileSnippet
  api=0 type=0 insize=1670 outsize=1289 kw=DIRECTIONAL SHADOWS_OFF LIGHTMAP_OFF DIRLIGHTMAP_OFF DYNAMICLIGHTMAP_OFF ok=1
Cmd: compileSnippet
  api=0 type=1 insize=1670 outsize=6 kw=DIRECTIONAL SHADOWS_OFF LIGHTMAP_OFF DIRLIGHTMAP_OFF DYNAMICLIGHTMAP_OFF ok=1
Cmd: preprocess
  insize=2636 outsize=773 ok=1
Cmd: compileSnippet
  api=0 type=0 insize=1965 outsize=629 kw= ok=1
Cmd: compileSnippet
  api=0 type=1 insize=1965 outsize=6 kw= ok=1
Cmd: compileSnippet
  api=0 type=0 insize=1962 outsize=579 kw= ok=1
Cmd: compileSnippet
  api=0 type=1 insize=1962 outsize=6 kw= ok=1
Cmd: compileSnippet
  api=0 type=0 insize=1975 outsize=990 kw= ok=1
Cmd: compileSnippet
  api=0 type=1 insize=1975 outsize=6 kw= ok=1
Cmd: compileSnippet
  api=0 type=0 insize=1974 outsize=506 kw= ok=1
Cmd: compileSnippet
  api=0 type=1 insize=1974 outsize=6 kw= ok=1
Cmd: preprocess
  insize=968 outsize=305 ok=1
Cmd: compileSnippet
  api=0 type=0 insize=968 outsize=491 kw= ok=1
Cmd: compileSnippet
  api=0 type=1 insize=968 outsize=6 kw= ok=1
Cmd: preprocess
  insize=1377 outsize=384 ok=1
Cmd: compileSnippet
  api=0 type=0 insize=1295 outsize=1322 kw= ok=1
Cmd: compileSnippet
  api=0 type=1 insize=1295 outsize=6 kw= ok=1
Cmd: preprocess
  insize=1420 outsize=347 ok=1
Cmd: compileSnippet
  api=0 type=0 insize=1379 outsize=1243 kw= ok=1
Cmd: compileSnippet
  api=0 type=1 insize=1379 outsize=6 kw= ok=1
Cmd: preprocess
  insize=1709 outsize=728 ok=1
Cmd: compileSnippet
  api=0 type=0 insize=1287 outsize=1092 kw= ok=1
Cmd: compileSnippet
  api=0 type=1 insize=1287 outsize=6 kw= ok=1
Cmd: preprocess
  insize=1403 outsize=346 ok=1
Cmd: compileSnippet
  api=0 type=0 insize=1359 outsize=1246 kw= ok=1
Cmd: compileSnippet
  api=0 type=1 insize=1359 outsize=6 kw= ok=1
Cmd: preprocess
  insize=31184 outsize=5524 ok=1
Cmd: preprocess
  insize=1268 outsize=329 ok=1
Cmd: compileSnippet
  api=0 type=0 insize=1244 outsize=802 kw= ok=1
Cmd: compileSnippet
  api=0 type=1 insize=1244 outsize=6 kw= ok=1
Cmd: preprocess
  insize=2306 outsize=643 ok=1
Cmd: compileSnippet
  api=0 type=0 insize=1968 outsize=2190 kw= ok=1
Cmd: compileSnippet
  api=0 type=1 insize=1968 outsize=6 kw= ok=1
Cmd: preprocess
  insize=965 outsize=271 ok=1
Cmd: compileSnippet
  api=0 type=0 insize=994 outsize=700 kw= ok=1
Cmd: compileSnippet
  api=0 type=1 insize=994 outsize=6 kw= ok=1
Cmd: preprocess
  insize=12789 outsize=3326 ok=1
Cmd: compileSnippet
  api=0 type=0 insize=5059 outsize=3303 kw=DIRECTIONAL SHADOWS_OFF LIGHTMAP_OFF DIRLIGHTMAP_OFF DYNAMICLIGHTMAP_OFF ok=1
Cmd: compileSnippet
  api=0 type=1 insize=5059 outsize=6 kw=DIRECTIONAL SHADOWS_OFF LIGHTMAP_OFF DIRLIGHTMAP_OFF DYNAMICLIGHTMAP_OFF ok=1
Cmd: compileSnippet
  api=0 type=0 insize=5082 outsize=3159 kw=POINT SHADOWS_OFF ok=1
Cmd: compileSnippet
  api=0 type=1 insize=5082 outsize=6 kw=POINT SHADOWS_OFF ok=1
Cmd: preprocess
  insize=790 outsize=320 ok=1
Cmd: compileSnippet
  api=0 type=0 insize=772 outsize=628 kw= ok=1
Cmd: compileSnippet
  api=0 type=1 insize=772 outsize=6 kw= ok=1
Cmd: preprocess
  insize=17343 outsize=4788 ok=1
Cmd: compileSnippet
  api=0 type=0 insize=5225 outsize=4267 kw=DIRECTIONAL SHADOWS_OFF LIGHTMAP_OFF DIRLIGHTMAP_OFF DYNAMICLIGHTMAP_OFF ok=1
Cmd: compileSnippet
  api=0 type=1 insize=5225 outsize=6 kw=DIRECTIONAL SHADOWS_OFF LIGHTMAP_OFF DIRLIGHTMAP_OFF DYNAMICLIGHTMAP_OFF ok=1
Cmd: compileSnippet
  api=0 type=0 insize=4899 outsize=3672 kw=POINT SHADOWS_OFF ok=1
Cmd: compileSnippet
  api=0 type=1 insize=4899 outsize=6 kw=POINT SHADOWS_OFF ok=1
Cmd: compileSnippet
  api=0 type=0 insize=1850 outsize=1160 kw=SHADOWS_DEPTH ok=1
Cmd: compileSnippet
  api=0 type=1 insize=1850 outsize=6 kw=SHADOWS_DEPTH ok=1
Cmd: preprocess
  insize=32636 outsize=273 ok=1
Cmd: compileSnippet
  api=0 type=0 insize=32665 outsize=8971 kw= ok=1
Cmd: compileSnippet
  api=0 type=1 insize=32665 outsize=6 kw= ok=1
Cmd: preprocess
  insize=1216 outsize=260 ok=1
Cmd: compileSnippet
  api=0 type=0 insize=1258 outsize=1114 kw= ok=1
Cmd: compileSnippet
  api=0 type=1 insize=1258 outsize=6 kw= ok=1
Cmd: preprocess
  insize=3601 outsize=704 ok=1
Cmd: compileSnippet
  api=0 type=0 insize=2929 outsize=1576 kw= ok=1
Cmd: compileSnippet
  api=0 type=1 insize=2929 outsize=6 kw= ok=1
Cmd: compileSnippet
  api=0 type=0 insize=2920 outsize=1315 kw= ok=1
Cmd: compileSnippet
  api=0 type=1 insize=2920 outsize=6 kw= ok=1
Cmd: compileSnippet
  api=0 type=0 insize=2919 outsize=1391 kw= ok=1
Cmd: compileSnippet
  api=0 type=1 insize=2919 outsize=6 kw= ok=1
Cmd: compileSnippet
  api=0 type=0 insize=2931 outsize=1530 kw= ok=1
Cmd: compileSnippet
  api=0 type=1 insize=2931 outsize=6 kw= ok=1
Cmd: preprocess
  insize=1000 outsize=249 ok=1
Cmd: compileSnippet
  api=0 type=0 insize=1053 outsize=933 kw= ok=1
Cmd: compileSnippet
  api=0 type=1 insize=1053 outsize=6 kw= ok=1
Cmd: preprocess
  insize=5357 outsize=1799 ok=1
Cmd: compileSnippet
  api=0 type=0 insize=3204 outsize=611 kw= ok=1
Cmd: compileSnippet
  api=0 type=1 insize=3204 outsize=6 kw= ok=1
Cmd: compileSnippet
  api=0 type=0 insize=3201 outsize=579 kw= ok=1
Cmd: compileSnippet
  api=0 type=1 insize=3201 outsize=6 kw= ok=1
Cmd: compileSnippet
  api=0 type=0 insize=3217 outsize=1137 kw= ok=1
Cmd: compileSnippet
  api=0 type=1 insize=3217 outsize=6 kw= ok=1
Cmd: compileSnippet
  api=0 type=0 insize=3209 outsize=506 kw= ok=1
Cmd: compileSnippet
  api=0 type=1 insize=3209 outsize=6 kw= ok=1
Cmd: compileSnippet
  api=0 type=0 insize=3209 outsize=611 kw= ok=1
Cmd: compileSnippet
  api=0 type=1 insize=3209 outsize=6 kw= ok=1
Cmd: compileSnippet
  api=0 type=0 insize=3206 outsize=579 kw= ok=1
Cmd: compileSnippet
  api=0 type=1 insize=3206 outsize=6 kw= ok=1
Cmd: compileSnippet
  api=0 type=0 insize=3218 outsize=1061 kw= ok=1
Cmd: compileSnippet
  api=0 type=1 insize=3218 outsize=6 kw= ok=1
Cmd: compileSnippet
  api=0 type=0 insize=3211 outsize=520 kw= ok=1
Cmd: compileSnippet
  api=0 type=1 insize=3211 outsize=6 kw= ok=1
Cmd: compileSnippet
  api=0 type=0 insize=3203 outsize=363 kw= ok=1
Cmd: compileSnippet
  api=0 type=1 insize=3203 outsize=6 kw= ok=1
Cmd: compileSnippet
  api=0 type=0 insize=3207 outsize=471 kw= ok=1
Cmd: compileSnippet
  api=0 type=1 insize=3207 outsize=6 kw= ok=1
Cmd: compileSnippet
  api=0 type=0 insize=3202 outsize=430 kw= ok=1
Cmd: compileSnippet
  api=0 type=1 insize=3202 outsize=6 kw= ok=1
Cmd: preprocess
  insize=3205 outsize=1896 ok=1
Cmd: compileSnippet
  api=0 type=0 insize=7759 outsize=2643 kw=DIRECTIONAL LIGHTMAP_OFF DIRLIGHTMAP_OFF DYNAMICLIGHTMAP_OFF ok=1
Cmd: compileSnippet
  api=0 type=1 insize=7759 outsize=6 kw=DIRECTIONAL LIGHTMAP_OFF DIRLIGHTMAP_OFF DYNAMICLIGHTMAP_OFF ok=1
Cmd: compileSnippet
  api=0 type=0 insize=4567 outsize=2147 kw=POINT SHADOWS_OFF ok=1
Cmd: compileSnippet
  api=0 type=1 insize=4567 outsize=6 kw=POINT SHADOWS_OFF ok=1
Cmd: compileSnippet
  api=0 type=0 insize=3902 outsize=2328 kw= ok=1
Cmd: compileSnippet
  api=0 type=1 insize=3902 outsize=6 kw= ok=1
Cmd: compileSnippet
  api=0 type=0 insize=1335 outsize=525 kw=DIRECTIONAL SHADOWS_OFF LIGHTMAP_OFF DIRLIGHTMAP_OFF DYNAMICLIGHTMAP_OFF ok=1
Cmd: compileSnippet
  api=0 type=1 insize=1335 outsize=6 kw=DIRECTIONAL SHADOWS_OFF LIGHTMAP_OFF DIRLIGHTMAP_OFF DYNAMICLIGHTMAP_OFF ok=1
Cmd: preprocess
  insize=9969 outsize=2754 ok=1
Cmd: compileSnippet
  api=0 type=0 insize=3984 outsize=3392 kw=DIRECTIONAL SHADOWS_OFF LIGHTMAP_OFF DIRLIGHTMAP_OFF DYNAMICLIGHTMAP_OFF ok=1
Cmd: compileSnippet
  api=0 type=1 insize=3984 outsize=6 kw=DIRECTIONAL SHADOWS_OFF LIGHTMAP_OFF DIRLIGHTMAP_OFF DYNAMICLIGHTMAP_OFF ok=1
Cmd: compileSnippet
  api=0 type=0 insize=3908 outsize=3075 kw=POINT SHADOWS_OFF ok=1
Cmd: compileSnippet
  api=0 type=1 insize=3908 outsize=6 kw=POINT SHADOWS_OFF ok=1
Cmd: preprocess
  insize=11420 outsize=1917 ok=1
Cmd: compileSnippet
  api=0 type=0 insize=8895 outsize=1290 kw= ok=1
Cmd: compileSnippet
  api=0 type=1 insize=8895 outsize=6 kw= ok=1
Cmd: compileSnippet
  api=0 type=0 insize=8886 outsize=544 kw= ok=1
Cmd: compileSnippet
  api=0 type=1 insize=8886 outsize=6 kw= ok=1
Cmd: compileSnippet
  api=0 type=0 insize=8894 outsize=1529 kw= ok=1
Cmd: compileSnippet
  api=0 type=1 insize=8894 outsize=6 kw= ok=1
Cmd: compileSnippet
  api=0 type=0 insize=8899 outsize=3659 kw= ok=1
Cmd: compileSnippet
  api=0 type=1 insize=8899 outsize=6 kw= ok=1
Cmd: compileSnippet
  api=0 type=0 insize=8909 outsize=3303 kw= ok=1
Cmd: compileSnippet
  api=0 type=1 insize=8909 outsize=6 kw= ok=1
Cmd: compileSnippet
  api=0 type=0 insize=8897 outsize=688 kw= ok=1
Cmd: compileSnippet
  api=0 type=1 insize=8897 outsize=6 kw= ok=1
Cmd: compileSnippet
  api=0 type=0 insize=8903 outsize=1758 kw= ok=1
Cmd: compileSnippet
  api=0 type=1 insize=8903 outsize=6 kw= ok=1
Cmd: preprocess
  insize=1038 outsize=358 ok=1
Cmd: compileSnippet
  api=0 type=0 insize=985 outsize=651 kw= ok=1
Cmd: compileSnippet
  api=0 type=1 insize=985 outsize=6 kw= ok=1
Cmd: preprocess
  insize=6289 outsize=752 ok=1
Cmd: preprocess
  insize=2832 outsize=782 ok=1
Cmd: compileSnippet
  api=0 type=0 insize=2099 outsize=571 kw= ok=1
Cmd: compileSnippet
  api=0 type=1 insize=2099 outsize=6 kw= ok=1
Cmd: compileSnippet
  api=0 type=0 insize=2099 outsize=603 kw= ok=1
Cmd: compileSnippet
  api=0 type=1 insize=2099 outsize=6 kw= ok=1
Cmd: compileSnippet
  api=0 type=0 insize=2103 outsize=571 kw= ok=1
Cmd: compileSnippet
  api=0 type=1 insize=2103 outsize=6 kw= ok=1
Cmd: compileSnippet
  api=0 type=0 insize=2102 outsize=1000 kw= ok=1
Cmd: compileSnippet
  api=0 type=1 insize=2102 outsize=6 kw= ok=1
Cmd: compileSnippet
  api=0 type=0 insize=2105 outsize=588 kw= ok=1
Cmd: compileSnippet
  api=0 type=1 insize=2105 outsize=6 kw= ok=1
Cmd: preprocess
  insize=5503 outsize=3191 ok=1
Cmd: compileSnippet
  api=0 type=0 insize=2648 outsize=2200 kw=DIRECTIONAL SHADOWS_OFF LIGHTMAP_OFF DIRLIGHTMAP_OFF DYNAMICLIGHTMAP_OFF ok=1
Cmd: compileSnippet
  api=0 type=1 insize=2648 outsize=6 kw=DIRECTIONAL SHADOWS_OFF LIGHTMAP_OFF DIRLIGHTMAP_OFF DYNAMICLIGHTMAP_OFF ok=1
Cmd: preprocess
  insize=8191 outsize=1105 ok=1
Cmd: compileSnippet
  api=0 type=0 insize=6258 outsize=884 kw= ok=1
Cmd: compileSnippet
  api=0 type=1 insize=6258 outsize=6 kw= ok=1
Cmd: compileSnippet
  api=0 type=0 insize=6261 outsize=521 kw= ok=1
Cmd: compileSnippet
  api=0 type=1 insize=6261 outsize=6 kw= ok=1
Cmd: compileSnippet
  api=0 type=0 insize=6270 outsize=1477 kw= ok=1
Cmd: compileSnippet
  api=0 type=1 insize=6270 outsize=6 kw= ok=1
Cmd: compileSnippet
  api=0 type=0 insize=6264 outsize=1188 kw= ok=1
Cmd: compileSnippet
  api=0 type=1 insize=6264 outsize=6 kw= ok=1
Cmd: compileSnippet
  api=0 type=0 insize=6261 outsize=558 kw= ok=1
Cmd: compileSnippet
  api=0 type=1 insize=6261 outsize=6 kw= ok=1
Cmd: compileSnippet
  api=0 type=0 insize=6265 outsize=947 kw= ok=1
Cmd: compileSnippet
  api=0 type=1 insize=6265 outsize=6 kw= ok=1
Cmd: compileSnippet
  api=0 type=0 insize=6269 outsize=2494 kw= ok=1
Cmd: compileSnippet
  api=0 type=1 insize=6269 outsize=6 kw= ok=1
Cmd: compileSnippet
  api=0 type=0 insize=6255 outsize=393 kw= ok=1
Cmd: compileSnippet
  api=0 type=1 insize=6255 outsize=6 kw= ok=1
Cmd: preprocess
  insize=977 outsize=438 ok=1
Cmd: compileSnippet
  api=0 type=0 insize=841 outsize=537 kw= ok=1
Cmd: compileSnippet
  api=0 type=1 insize=841 outsize=6 kw= ok=1
Cmd: preprocess
  insize=13814 outsize=2625 ok=1
Cmd: compileSnippet
  api=0 type=0 insize=10228 outsize=474 kw= ok=1
Cmd: compileSnippet
  api=0 type=1 insize=10228 outsize=6 kw= ok=1
Cmd: compileSnippet
  api=0 type=0 insize=10227 outsize=1059 kw= ok=1
Cmd: compileSnippet
  api=0 type=1 insize=10227 outsize=6 kw= ok=1
Cmd: compileSnippet
  api=0 type=0 insize=10227 outsize=985 kw= ok=1
Cmd: compileSnippet
  api=0 type=1 insize=10227 outsize=6 kw= ok=1
Cmd: compileSnippet
  api=0 type=0 insize=10209 outsize=769 kw= ok=1
Cmd: compileSnippet
  api=0 type=1 insize=10209 outsize=6 kw= ok=1
Cmd: compileSnippet
  api=0 type=0 insize=10228 outsize=693 kw= ok=1
Cmd: compileSnippet
  api=0 type=1 insize=10228 outsize=6 kw= ok=1
Cmd: compileSnippet
  api=0 type=0 insize=10209 outsize=823 kw= ok=1
Cmd: compileSnippet
  api=0 type=1 insize=10209 outsize=6 kw= ok=1
Cmd: compileSnippet
  api=0 type=0 insize=10254 outsize=1291 kw= ok=1
Cmd: compileSnippet
  api=0 type=1 insize=10254 outsize=6 kw= ok=1
Cmd: compileSnippet
  api=0 type=0 insize=10208 outsize=263 kw= ok=1
Cmd: compileSnippet
  api=0 type=1 insize=10208 outsize=6 kw= ok=1
Cmd: compileSnippet
  api=0 type=0 insize=10212 outsize=330 kw= ok=1
Cmd: compileSnippet
  api=0 type=1 insize=10212 outsize=6 kw= ok=1
Cmd: compileSnippet
  api=0 type=0 insize=10234 outsize=2567 kw= ok=1
Cmd: compileSnippet
  api=0 type=1 insize=10234 outsize=6 kw= ok=1
Cmd: compileSnippet
  api=0 type=0 insize=10228 outsize=2633 kw= ok=1
Cmd: compileSnippet
  api=0 type=1 insize=10228 outsize=6 kw= ok=1
Cmd: compileSnippet
  api=0 type=0 insize=10234 outsize=2567 kw= ok=1
Cmd: compileSnippet
  api=0 type=1 insize=10234 outsize=6 kw= ok=1
Cmd: preprocess
  insize=1950 outsize=490 ok=1
Cmd: compileSnippet
  api=0 type=0 insize=1736 outsize=1019 kw= ok=1
Cmd: compileSnippet
  api=0 type=1 insize=1736 outsize=6 kw= ok=1
Cmd: compileSnippet
  api=0 type=0 insize=1749 outsize=1184 kw= ok=1
Cmd: compileSnippet
  api=0 type=1 insize=1749 outsize=6 kw= ok=1
Cmd: preprocess
  insize=1692 outsize=302 ok=1
Cmd: compileSnippet
  api=0 type=0 insize=1695 outsize=1349 kw= ok=1
Cmd: compileSnippet
  api=0 type=1 insize=1695 outsize=6 kw= ok=1
Cmd: preprocess
  insize=27271 outsize=4693 ok=1
Cmd: compileSnippet
  api=0 type=0 insize=19248 outsize=831 kw= ok=1
Cmd: compileSnippet
  api=0 type=1 insize=19248 outsize=6 kw= ok=1
Cmd: compileSnippet
  api=0 type=0 insize=19254 outsize=3180 kw= ok=1
Cmd: compileSnippet
  api=0 type=1 insize=19254 outsize=6 kw= ok=1
Cmd: compileSnippet
  api=0 type=0 insize=19257 outsize=4726 kw= ok=1
Cmd: compileSnippet
  api=0 type=1 insize=19257 outsize=6 kw= ok=1
Cmd: compileSnippet
  api=0 type=0 insize=19236 outsize=426 kw= ok=1
Cmd: compileSnippet
  api=0 type=1 insize=19236 outsize=6 kw= ok=1
Cmd: compileSnippet
  api=0 type=0 insize=19252 outsize=818 kw= ok=1
Cmd: compileSnippet
  api=0 type=1 insize=19252 outsize=6 kw= ok=1
Cmd: compileSnippet
  api=0 type=0 insize=19239 outsize=1660 kw= ok=1
Cmd: compileSnippet
  api=0 type=1 insize=19239 outsize=6 kw= ok=1
Cmd: compileSnippet
  api=0 type=0 insize=19250 outsize=1480 kw= ok=1
Cmd: compileSnippet
  api=0 type=1 insize=19250 outsize=6 kw= ok=1
Cmd: compileSnippet
  api=0 type=0 insize=19246 outsize=575 kw= ok=1
Cmd: compileSnippet
  api=0 type=1 insize=19246 outsize=6 kw= ok=1
Cmd: compileSnippet
  api=0 type=0 insize=19256 outsize=841 kw= ok=1
Cmd: compileSnippet
  api=0 type=1 insize=19256 outsize=6 kw= ok=1
Cmd: compileSnippet
  api=0 type=0 insize=19249 outsize=739 kw= ok=1
Cmd: compileSnippet
  api=0 type=1 insize=19249 outsize=6 kw= ok=1
Cmd: compileSnippet
  api=0 type=0 insize=19256 outsize=925 kw= ok=1
Cmd: compileSnippet
  api=0 type=1 insize=19256 outsize=6 kw= ok=1
Cmd: compileSnippet
  api=0 type=0 insize=19244 outsize=3029 kw= ok=1
Cmd: compileSnippet
  api=0 type=1 insize=19244 outsize=6 kw= ok=1
Cmd: compileSnippet
  api=0 type=0 insize=19253 outsize=2646 kw= ok=1
Cmd: compileSnippet
  api=0 type=1 insize=19253 outsize=6 kw= ok=1
Cmd: compileSnippet
  api=0 type=0 insize=19240 outsize=949 kw= ok=1
Cmd: compileSnippet
  api=0 type=1 insize=19240 outsize=6 kw= ok=1
Cmd: compileSnippet
  api=0 type=0 insize=19255 outsize=597 kw= ok=1
Cmd: compileSnippet
  api=0 type=1 insize=19255 outsize=6 kw= ok=1
Cmd: compileSnippet
  api=0 type=0 insize=19245 outsize=747 kw= ok=1
Cmd: compileSnippet
  api=0 type=1 insize=19245 outsize=6 kw= ok=1
Cmd: compileSnippet
  api=0 type=0 insize=19238 outsize=677 kw= ok=1
Cmd: compileSnippet
  api=0 type=1 insize=19238 outsize=6 kw= ok=1
Cmd: compileSnippet
  api=0 type=0 insize=19245 outsize=3536 kw= ok=1
Cmd: compileSnippet
  api=0 type=1 insize=19245 outsize=6 kw= ok=1
Cmd: compileSnippet
  api=0 type=0 insize=19253 outsize=3438 kw= ok=1
Cmd: compileSnippet
  api=0 type=1 insize=19253 outsize=6 kw= ok=1
Cmd: compileSnippet
  api=0 type=0 insize=19263 outsize=3577 kw= ok=1
Cmd: compileSnippet
  api=0 type=1 insize=19263 outsize=6 kw= ok=1
Cmd: compileSnippet
  api=0 type=0 insize=19241 outsize=549 kw= ok=1
Cmd: compileSnippet
  api=0 type=1 insize=19241 outsize=6 kw= ok=1
Cmd: compileSnippet
  api=0 type=0 insize=19243 outsize=1660 kw= ok=1
Cmd: compileSnippet
  api=0 type=1 insize=19243 outsize=6 kw= ok=1
Cmd: compileSnippet
  api=0 type=0 insize=19261 outsize=426 kw= ok=1
Cmd: compileSnippet
  api=0 type=1 insize=19261 outsize=6 kw= ok=1
Cmd: preprocess
  insize=708 outsize=1699 ok=1
Cmd: compileSnippet
  api=0 type=0 insize=6862 outsize=2287 kw=DIRECTIONAL SHADOWS_OFF LIGHTMAP_OFF DIRLIGHTMAP_OFF DYNAMICLIGHTMAP_OFF ok=1
Cmd: compileSnippet
  api=0 type=1 insize=6862 outsize=6 kw=DIRECTIONAL SHADOWS_OFF LIGHTMAP_OFF DIRLIGHTMAP_OFF DYNAMICLIGHTMAP_OFF ok=1
Cmd: compileSnippet
  api=0 type=0 insize=3699 outsize=1807 kw=POINT ok=1
Cmd: compileSnippet
  api=0 type=1 insize=3699 outsize=6 kw=POINT ok=1
Cmd: compileSnippet
  api=0 type=0 insize=2857 outsize=965 kw= ok=1
Cmd: compileSnippet
  api=0 type=1 insize=2857 outsize=6 kw= ok=1
Cmd: compileSnippet
  api=0 type=0 insize=6026 outsize=2720 kw=LIGHTMAP_OFF DIRLIGHTMAP_OFF DYNAMICLIGHTMAP_OFF HDR_LIGHT_PREPASS_OFF ok=1
Cmd: compileSnippet
  api=0 type=1 insize=6026 outsize=6 kw=LIGHTMAP_OFF DIRLIGHTMAP_OFF DYNAMICLIGHTMAP_OFF HDR_LIGHT_PREPASS_OFF ok=1
Cmd: compileSnippet
  api=0 type=0 insize=5980 outsize=2632 kw=LIGHTMAP_OFF DIRLIGHTMAP_OFF DYNAMICLIGHTMAP_OFF HDR_LIGHT_PREPASS_OFF ok=1
Cmd: compileSnippet
  api=0 type=1 insize=5980 outsize=6 kw=LIGHTMAP_OFF DIRLIGHTMAP_OFF DYNAMICLIGHTMAP_OFF HDR_LIGHT_PREPASS_OFF ok=1
Cmd: compileSnippet
  api=0 type=0 insize=3048 outsize=2368 kw= ok=1
Cmd: compileSnippet
  api=0 type=1 insize=3048 outsize=6 kw= ok=1
Cmd: preprocess
  insize=4106 outsize=553 ok=1
Cmd: compileSnippet
  api=0 type=0 insize=3754 outsize=2057 kw= ok=1
Cmd: compileSnippet
  api=0 type=1 insize=3754 outsize=6 kw= ok=1
Cmd: compileSnippet
  api=0 type=0 insize=3766 outsize=1242 kw= ok=1
Cmd: compileSnippet
  api=0 type=1 insize=3766 outsize=6 kw= ok=1
Cmd: compileSnippet
  api=0 type=0 insize=3757 outsize=1692 kw= ok=1
Cmd: compileSnippet
  api=0 type=1 insize=3757 outsize=6 kw= ok=1
Cmd: preprocess
  insize=2274 outsize=1208 ok=1
Cmd: compileSnippet
  api=0 type=0 insize=1310 outsize=1843 kw= ok=1
Cmd: compileSnippet
  api=0 type=1 insize=1310 outsize=6 kw= ok=1
Cmd: preprocess
  insize=1737 outsize=297 ok=1
Cmd: compileSnippet
  api=0 type=0 insize=1742 outsize=2844 kw= ok=1
Cmd: compileSnippet
  api=0 type=1 insize=1742 outsize=6 kw= ok=1
Cmd: preprocess
  insize=1026 outsize=351 ok=1
Cmd: compileSnippet
  api=0 type=0 insize=977 outsize=890 kw= ok=1
Cmd: compileSnippet
  api=0 type=1 insize=977 outsize=6 kw= ok=1
Cmd: preprocess
  insize=1123 outsize=458 ok=1
Cmd: compileSnippet
  api=0 type=0 insize=940 outsize=547 kw= ok=1
Cmd: compileSnippet
  api=0 type=1 insize=940 outsize=6 kw= ok=1
Cmd: compileSnippet
  api=0 type=0 insize=946 outsize=607 kw= ok=1
Cmd: compileSnippet
  api=0 type=1 insize=946 outsize=6 kw= ok=1
Cmd: preprocess
  insize=1087 outsize=1555 ok=1
Cmd: compileSnippet
  api=0 type=0 insize=7252 outsize=2621 kw=DIRECTIONAL SHADOWS_OFF LIGHTMAP_OFF DIRLIGHTMAP_OFF DYNAMICLIGHTMAP_OFF ok=1
Cmd: compileSnippet
  api=0 type=1 insize=7252 outsize=6 kw=DIRECTIONAL SHADOWS_OFF LIGHTMAP_OFF DIRLIGHTMAP_OFF DYNAMICLIGHTMAP_OFF ok=1
Cmd: compileSnippet
  api=0 type=0 insize=4129 outsize=2150 kw=POINT ok=1
Cmd: compileSnippet
  api=0 type=1 insize=4129 outsize=6 kw=POINT ok=1
Cmd: compileSnippet
  api=0 type=0 insize=3424 outsize=965 kw= ok=1
Cmd: compileSnippet
  api=0 type=1 insize=3424 outsize=6 kw= ok=1
Cmd: compileSnippet
  api=0 type=0 insize=6541 outsize=3138 kw=LIGHTMAP_OFF DIRLIGHTMAP_OFF DYNAMICLIGHTMAP_OFF HDR_LIGHT_PREPASS_OFF ok=1
Cmd: compileSnippet
  api=0 type=1 insize=6541 outsize=6 kw=LIGHTMAP_OFF DIRLIGHTMAP_OFF DYNAMICLIGHTMAP_OFF HDR_LIGHT_PREPASS_OFF ok=1
Cmd: compileSnippet
  api=0 type=0 insize=6410 outsize=2966 kw=LIGHTMAP_OFF DIRLIGHTMAP_OFF DYNAMICLIGHTMAP_OFF HDR_LIGHT_PREPASS_OFF ok=1
Cmd: compileSnippet
  api=0 type=1 insize=6410 outsize=6 kw=LIGHTMAP_OFF DIRLIGHTMAP_OFF DYNAMICLIGHTMAP_OFF HDR_LIGHT_PREPASS_OFF ok=1
Cmd: compileSnippet
  api=0 type=0 insize=3609 outsize=3316 kw= ok=1
Cmd: compileSnippet
  api=0 type=1 insize=3609 outsize=6 kw= ok=1
Cmd: preprocess
  insize=738 outsize=267 ok=1
Cmd: compileSnippet
  api=0 type=0 insize=771 outsize=551 kw= ok=1
Cmd: compileSnippet
  api=0 type=1 insize=771 outsize=6 kw= ok=1
Cmd: preprocess
  insize=5837 outsize=873 ok=1
Cmd: compileSnippet
  api=0 type=0 insize=4927 outsize=1894 kw= ok=1
Cmd: compileSnippet
  api=0 type=1 insize=4927 outsize=6 kw= ok=1
Cmd: compileSnippet
  api=0 type=0 insize=4929 outsize=1133 kw= ok=1
Cmd: compileSnippet
  api=0 type=1 insize=4929 outsize=6 kw= ok=1
Cmd: compileSnippet
  api=0 type=0 insize=4933 outsize=1175 kw= ok=1
Cmd: compileSnippet
  api=0 type=1 insize=4933 outsize=6 kw= ok=1
Cmd: compileSnippet
  api=0 type=0 insize=4942 outsize=700 kw= ok=1
Cmd: compileSnippet
  api=0 type=1 insize=4942 outsize=6 kw= ok=1
Cmd: compileSnippet
  api=0 type=0 insize=4923 outsize=1894 kw= ok=1
Cmd: compileSnippet
  api=0 type=1 insize=4923 outsize=6 kw= ok=1
Cmd: preprocess
  insize=5633 outsize=757 ok=1
Cmd: compileSnippet
  api=0 type=0 insize=4670 outsize=660 kw= ok=1
Cmd: compileSnippet
  api=0 type=1 insize=4670 outsize=6 kw= ok=1
Cmd: compileSnippet
  api=0 type=0 insize=4674 outsize=1572 kw= ok=1
Cmd: compileSnippet
  api=0 type=1 insize=4674 outsize=6 kw= ok=1
Cmd: compileSnippet
  api=0 type=0 insize=4684 outsize=2170 kw= ok=1
Cmd: compileSnippet
  api=0 type=1 insize=4684 outsize=6 kw= ok=1
Cmd: compileSnippet
  api=0 type=0 insize=4679 outsize=1909 kw= ok=1
Cmd: compileSnippet
  api=0 type=1 insize=4679 outsize=6 kw= ok=1
Cmd: compileSnippet
  api=0 type=0 insize=4685 outsize=1351 kw= ok=1
Cmd: compileSnippet
  api=0 type=1 insize=4685 outsize=6 kw= ok=1
Cmd: preprocess
  insize=9912 outsize=2625 ok=1
Cmd: compileSnippet
  api=0 type=0 insize=1447 outsize=577 kw= ok=1
Cmd: compileSnippet
  api=0 type=1 insize=1447 outsize=6 kw= ok=1
Cmd: compileSnippet
  api=0 type=0 insize=2710 outsize=1160 kw=LIGHTMAP_OFF DIRLIGHTMAP_OFF DYNAMICLIGHTMAP_OFF HDR_LIGHT_PREPASS_OFF ok=1
Cmd: compileSnippet
  api=0 type=1 insize=2710 outsize=6 kw=LIGHTMAP_OFF DIRLIGHTMAP_OFF DYNAMICLIGHTMAP_OFF HDR_LIGHT_PREPASS_OFF ok=1
Cmd: compileSnippet
  api=0 type=0 insize=2189 outsize=813 kw=DIRECTIONAL SHADOWS_OFF LIGHTMAP_OFF DIRLIGHTMAP_OFF DYNAMICLIGHTMAP_OFF ok=1
Cmd: compileSnippet
  api=0 type=1 insize=2189 outsize=6 kw=DIRECTIONAL SHADOWS_OFF LIGHTMAP_OFF DIRLIGHTMAP_OFF DYNAMICLIGHTMAP_OFF ok=1
Cmd: compileSnippet
  api=0 type=0 insize=2230 outsize=1137 kw=POINT SHADOWS_OFF ok=1
Cmd: compileSnippet
  api=0 type=1 insize=2230 outsize=6 kw=POINT SHADOWS_OFF ok=1
Cmd: preprocess
  insize=586 outsize=360 ok=1
Cmd: compileSnippet
  api=0 type=0 insize=528 outsize=723 kw= ok=1
Cmd: compileSnippet
  api=0 type=1 insize=528 outsize=6 kw= ok=1
Cmd: preprocess
  insize=4210 outsize=1668 ok=1
Cmd: compileSnippet
  api=0 type=0 insize=11151 outsize=5705 kw=DIRECTIONAL SHADOWS_OFF LIGHTMAP_OFF DIRLIGHTMAP_OFF DYNAMICLIGHTMAP_OFF ok=1
Cmd: compileSnippet
  api=0 type=1 insize=11151 outsize=6 kw=DIRECTIONAL SHADOWS_OFF LIGHTMAP_OFF DIRLIGHTMAP_OFF DYNAMICLIGHTMAP_OFF ok=1
Cmd: compileSnippet
  api=0 type=0 insize=8209 outsize=4732 kw=POINT ok=1
Cmd: compileSnippet
  api=0 type=1 insize=8209 outsize=6 kw=POINT ok=1
Cmd: compileSnippet
  api=0 type=0 insize=7344 outsize=3112 kw= ok=1
Cmd: compileSnippet
  api=0 type=1 insize=7344 outsize=6 kw= ok=1
Cmd: compileSnippet
  api=0 type=0 insize=10187 outsize=3883 kw=LIGHTMAP_OFF DIRLIGHTMAP_OFF DYNAMICLIGHTMAP_OFF HDR_LIGHT_PREPASS_OFF ok=1
Cmd: compileSnippet
  api=0 type=1 insize=10187 outsize=6 kw=LIGHTMAP_OFF DIRLIGHTMAP_OFF DYNAMICLIGHTMAP_OFF HDR_LIGHT_PREPASS_OFF ok=1
Cmd: compileSnippet
  api=0 type=0 insize=7334 outsize=4758 kw= ok=1
Cmd: compileSnippet
  api=0 type=1 insize=7334 outsize=6 kw= ok=1
Cmd: preprocess
  insize=11060 outsize=3330 ok=1
Cmd: compileSnippet
  api=0 type=0 insize=4423 outsize=3033 kw=DIRECTIONAL SHADOWS_OFF LIGHTMAP_OFF DIRLIGHTMAP_OFF DYNAMICLIGHTMAP_OFF ok=1
Cmd: compileSnippet
  api=0 type=1 insize=4423 outsize=6 kw=DIRECTIONAL SHADOWS_OFF LIGHTMAP_OFF DIRLIGHTMAP_OFF DYNAMICLIGHTMAP_OFF ok=1
Cmd: compileSnippet
  api=0 type=0 insize=3986 outsize=2933 kw=POINT SHADOWS_OFF ok=1
Cmd: compileSnippet
  api=0 type=1 insize=3986 outsize=6 kw=POINT SHADOWS_OFF ok=1
Cmd: preprocess
  insize=32646 outsize=272 ok=1
Cmd: compileSnippet
  api=0 type=0 insize=32675 outsize=8879 kw= ok=1
Cmd: compileSnippet
  api=0 type=1 insize=32675 outsize=6 kw= ok=1
Cmd: preprocess
  insize=5149 outsize=1741 ok=1
Cmd: compileSnippet
  api=0 type=0 insize=3712 outsize=5172 kw= ok=1
Cmd: compileSnippet
  api=0 type=1 insize=3712 outsize=6 kw= ok=1
Cmd: preprocess
  insize=6801 outsize=255 ok=1
Cmd: compileSnippet
  api=0 type=0 insize=6848 outsize=3187 kw= ok=1
Cmd: compileSnippet
  api=0 type=1 insize=6848 outsize=6 kw= ok=1
Cmd: preprocess
  insize=4528 outsize=555 ok=1
Cmd: compileSnippet
  api=0 type=0 insize=4182 outsize=4839 kw= ok=1
Cmd: compileSnippet
  api=0 type=1 insize=4182 outsize=6 kw= ok=1
Cmd: compileSnippet
  api=0 type=0 insize=4186 outsize=4420 kw= ok=1
Cmd: compileSnippet
  api=0 type=1 insize=4186 outsize=6 kw= ok=1
Cmd: preprocess
  insize=4925 outsize=1092 ok=1
Cmd: compileSnippet
  api=0 type=0 insize=3817 outsize=494 kw= ok=1
Cmd: compileSnippet
  api=0 type=1 insize=3817 outsize=6 kw= ok=1
Cmd: compileSnippet
  api=0 type=0 insize=3824 outsize=1113 kw= ok=1
Cmd: compileSnippet
  api=0 type=1 insize=3824 outsize=6 kw= ok=1
Cmd: compileSnippet
  api=0 type=0 insize=3822 outsize=1019 kw= ok=1
Cmd: compileSnippet
  api=0 type=1 insize=3822 outsize=6 kw= ok=1
Cmd: compileSnippet
  api=0 type=0 insize=3824 outsize=1184 kw= ok=1
Cmd: compileSnippet
  api=0 type=1 insize=3824 outsize=6 kw= ok=1
Cmd: compileSnippet
  api=0 type=0 insize=3814 outsize=462 kw= ok=1
Cmd: compileSnippet
  api=0 type=1 insize=3814 outsize=6 kw= ok=1
Cmd: preprocess
  insize=5752 outsize=1269 ok=1
Cmd: preprocess
  insize=778 outsize=304 ok=1
Cmd: compileSnippet
  api=0 type=0 insize=776 outsize=335 kw= ok=1
Cmd: compileSnippet
  api=0 type=1 insize=776 outsize=6 kw= ok=1
Cmd: preprocess
  insize=721 outsize=317 ok=1
Cmd: compileSnippet
  api=0 type=0 insize=706 outsize=889 kw= ok=1
Cmd: compileSnippet
  api=0 type=1 insize=706 outsize=6 kw= ok=1
Cmd: preprocess
  insize=20556 outsize=4700 ok=1
Cmd: compileSnippet
  api=0 type=0 insize=7168 outsize=3283 kw=DIRECTIONAL SHADOWS_OFF LIGHTMAP_OFF DIRLIGHTMAP_OFF DYNAMICLIGHTMAP_OFF ok=1
Cmd: compileSnippet
  api=0 type=1 insize=7168 outsize=6 kw=DIRECTIONAL SHADOWS_OFF LIGHTMAP_OFF DIRLIGHTMAP_OFF DYNAMICLIGHTMAP_OFF ok=1
Cmd: compileSnippet
  api=0 type=0 insize=5184 outsize=3613 kw=POINT SHADOWS_OFF ok=1
Cmd: compileSnippet
  api=0 type=1 insize=5184 outsize=6 kw=POINT SHADOWS_OFF ok=1
Cmd: compileSnippet
  api=0 type=0 insize=2387 outsize=1360 kw=SHADOWS_DEPTH ok=1
Cmd: compileSnippet
  api=0 type=1 insize=2387 outsize=6 kw=SHADOWS_DEPTH ok=1
Cmd: preprocess
  insize=3918 outsize=651 ok=1
Cmd: compileSnippet
  api=0 type=0 insize=3312 outsize=497 kw= ok=1
Cmd: compileSnippet
  api=0 type=1 insize=3312 outsize=6 kw= ok=1
Cmd: compileSnippet
  api=0 type=0 insize=3319 outsize=1561 kw= ok=1
Cmd: compileSnippet
  api=0 type=1 insize=3319 outsize=6 kw= ok=1
Cmd: compileSnippet
  api=0 type=0 insize=3328 outsize=1726 kw= ok=1
Cmd: compileSnippet
  api=0 type=1 insize=3328 outsize=6 kw= ok=1
Cmd: compileSnippet
  api=0 type=0 insize=3323 outsize=1904 kw= ok=1
Cmd: compileSnippet
  api=0 type=1 insize=3323 outsize=6 kw= ok=1
Cmd: preprocess
  insize=873 outsize=301 ok=1
Cmd: compileSnippet
  api=0 type=0 insize=877 outsize=551 kw= ok=1
Cmd: compileSnippet
  api=0 type=1 insize=877 outsize=6 kw= ok=1
Cmd: preprocess
  insize=9801 outsize=3703 ok=1
Cmd: compileSnippet
  api=0 type=0 insize=3423 outsize=3422 kw=DIRECTIONAL SHADOWS_OFF LIGHTMAP_OFF DIRLIGHTMAP_OFF DYNAMICLIGHTMAP_OFF ok=1
Cmd: compileSnippet
  api=0 type=1 insize=3423 outsize=6 kw=DIRECTIONAL SHADOWS_OFF LIGHTMAP_OFF DIRLIGHTMAP_OFF DYNAMICLIGHTMAP_OFF ok=1
Cmd: compileSnippet
  api=0 type=0 insize=3349 outsize=2970 kw=POINT SHADOWS_OFF ok=1
Cmd: compileSnippet
  api=0 type=1 insize=3349 outsize=6 kw=POINT SHADOWS_OFF ok=1
Cmd: preprocess
  insize=1339 outsize=296 ok=1
Cmd: compileSnippet
  api=0 type=0 insize=1347 outsize=1095 kw= ok=1
Cmd: compileSnippet
  api=0 type=1 insize=1347 outsize=6 kw= ok=1
Cmd: preprocess
  insize=2143 outsize=982 ok=1
Cmd: compileSnippet
  api=0 type=0 insize=905 outsize=491 kw= ok=1
Cmd: compileSnippet
  api=0 type=1 insize=905 outsize=6 kw= ok=1
Cmd: compileSnippet
  api=0 type=0 insize=860 outsize=390 kw= ok=1
Cmd: compileSnippet
  api=0 type=1 insize=860 outsize=6 kw= ok=1
Cmd: preprocess
  insize=5961 outsize=792 ok=1
Cmd: preprocess
  insize=1080 outsize=489 ok=1
Cmd: compileSnippet
  api=0 type=0 insize=893 outsize=833 kw= ok=1
Cmd: compileSnippet
  api=0 type=1 insize=893 outsize=6 kw= ok=1
Cmd: preprocess
  insize=1213 outsize=389 ok=1
Cmd: compileSnippet
  api=0 type=0 insize=1129 outsize=1113 kw= ok=1
Cmd: compileSnippet
  api=0 type=1 insize=1129 outsize=6 kw= ok=1
Cmd: preprocess
  insize=574 outsize=259 ok=1
Cmd: compileSnippet
  api=0 type=0 insize=617 outsize=195 kw= ok=1
Cmd: compileSnippet
  api=0 type=1 insize=617 outsize=6 kw= ok=1
Cmd: preprocess
  insize=724 outsize=315 ok=1
Cmd: compileSnippet
  api=0 type=0 insize=714 outsize=371 kw= ok=1
Cmd: compileSnippet
  api=0 type=1 insize=714 outsize=6 kw= ok=1
Cmd: preprocess
  insize=1727 outsize=682 ok=1
Cmd: compileSnippet
  api=0 type=0 insize=1346 outsize=1678 kw= ok=1
Cmd: compileSnippet
  api=0 type=1 insize=1346 outsize=6 kw= ok=1
Cmd: compileSnippet
  api=0 type=0 insize=541 outsize=1880 kw=SHADOWS_DEPTH ok=1
Cmd: compileSnippet
  api=0 type=1 insize=541 outsize=6 kw=SHADOWS_DEPTH ok=1
Cmd: compileSnippet
  api=0 type=0 insize=2230 outsize=858 kw=DIRECTIONAL SHADOWS_OFF ok=1
Cmd: compileSnippet
  api=0 type=1 insize=2230 outsize=6 kw=DIRECTIONAL SHADOWS_OFF ok=1
Cmd: compileSnippet
  api=0 type=0 insize=959 outsize=394 kw= ok=1
Cmd: compileSnippet
  api=0 type=1 insize=959 outsize=6 kw= ok=1
Cmd: compileSnippet
  api=0 type=0 insize=3040 outsize=1314 kw=DIRECTIONAL SHADOWS_OFF ok=1
Cmd: compileSnippet
  api=0 type=1 insize=3040 outsize=6 kw=DIRECTIONAL SHADOWS_OFF ok=1
Cmd: compileSnippet
  api=0 type=0 insize=966 outsize=587 kw= ok=1
Cmd: compileSnippet
  api=0 type=1 insize=966 outsize=6 kw= ok=1
Cmd: compileSnippet
  api=0 type=0 insize=5250 outsize=3844 kw=DIRECTIONAL SHADOWS_OFF ok=1
Cmd: compileSnippet
  api=0 type=1 insize=5250 outsize=6 kw=DIRECTIONAL SHADOWS_OFF ok=1
Cmd: compileSnippet
  api=0 type=0 insize=3986 outsize=2630 kw=DIRECTIONAL SHADOWS_OFF ok=1
Cmd: compileSnippet
  api=0 type=1 insize=3986 outsize=6 kw=DIRECTIONAL SHADOWS_OFF ok=1
Cmd: compileSnippet
  api=0 type=0 insize=4899 outsize=3375 kw=DIRECTIONAL SHADOWS_OFF ok=1
Cmd: compileSnippet
  api=0 type=1 insize=4899 outsize=6 kw=DIRECTIONAL SHADOWS_OFF ok=1
Cmd: compileSnippet
  api=0 type=0 insize=5082 outsize=2856 kw=DIRECTIONAL SHADOWS_OFF ok=1
Cmd: compileSnippet
  api=0 type=1 insize=5082 outsize=6 kw=DIRECTIONAL SHADOWS_OFF ok=1
Cmd: compileSnippet
  api=0 type=0 insize=4677 outsize=3373 kw=DIRECTIONAL SHADOWS_OFF ok=1
Cmd: compileSnippet
  api=0 type=1 insize=4677 outsize=6 kw=DIRECTIONAL SHADOWS_OFF ok=1
Cmd: compileSnippet
  api=0 type=0 insize=3908 outsize=2768 kw=DIRECTIONAL SHADOWS_OFF ok=1
Cmd: compileSnippet
  api=0 type=1 insize=3908 outsize=6 kw=DIRECTIONAL SHADOWS_OFF ok=1
Cmd: compileSnippet
  api=0 type=0 insize=7075 outsize=2515 kw=DIRECTIONAL SHADOWS_OFF LIGHTMAP_OFF DIRLIGHTMAP_OFF DYNAMICLIGHTMAP_OFF ok=1
Cmd: compileSnippet
  api=0 type=1 insize=7075 outsize=6 kw=DIRECTIONAL SHADOWS_OFF LIGHTMAP_OFF DIRLIGHTMAP_OFF DYNAMICLIGHTMAP_OFF ok=1
Cmd: compileSnippet
  api=0 type=0 insize=3755 outsize=1476 kw=DIRECTIONAL ok=1
Cmd: compileSnippet
  api=0 type=1 insize=3755 outsize=6 kw=DIRECTIONAL ok=1
Cmd: compileSnippet
  api=0 type=0 insize=6810 outsize=2287 kw=DIRECTIONAL SHADOWS_OFF LIGHTMAP_OFF DIRLIGHTMAP_OFF DYNAMICLIGHTMAP_OFF ok=1
Cmd: compileSnippet
  api=0 type=1 insize=6810 outsize=6 kw=DIRECTIONAL SHADOWS_OFF LIGHTMAP_OFF DIRLIGHTMAP_OFF DYNAMICLIGHTMAP_OFF ok=1
Cmd: compileSnippet
  api=0 type=0 insize=3647 outsize=1476 kw=DIRECTIONAL ok=1
Cmd: compileSnippet
  api=0 type=1 insize=3647 outsize=6 kw=DIRECTIONAL ok=1
Cmd: compileSnippet
  api=0 type=0 insize=1329 outsize=1083 kw= ok=1
Cmd: compileSnippet
  api=0 type=1 insize=1329 outsize=6 kw= ok=1
Cmd: compileSnippet
  api=0 type=0 insize=1325 outsize=1078 kw= ok=1
Cmd: compileSnippet
  api=0 type=1 insize=1325 outsize=6 kw= ok=1
Cmd: compileSnippet
  api=0 type=0 insize=1325 outsize=1078 kw= ok=1
Cmd: compileSnippet
  api=0 type=1 insize=1325 outsize=6 kw= ok=1
Cmd: compileSnippet
  api=0 type=0 insize=1329 outsize=1083 kw= ok=1
Cmd: compileSnippet
  api=0 type=1 insize=1329 outsize=6 kw= ok=1
Cmd: compileSnippet
  api=0 type=0 insize=1317 outsize=1068 kw= ok=1
Cmd: compileSnippet
  api=0 type=1 insize=1317 outsize=6 kw= ok=1
Cmd: compileSnippet
  api=0 type=0 insize=1327 outsize=1078 kw= ok=1
Cmd: compileSnippet
  api=0 type=1 insize=1327 outsize=6 kw= ok=1
Cmd: compileSnippet
  api=0 type=0 insize=1738 outsize=567 kw=SOFTPARTICLES_OFF ok=1
Cmd: compileSnippet
  api=0 type=1 insize=1738 outsize=6 kw=SOFTPARTICLES_OFF ok=1
Cmd: compileSnippet
  api=0 type=0 insize=3349 outsize=2699 kw=DIRECTIONAL SHADOWS_OFF ok=1
Cmd: compileSnippet
  api=0 type=1 insize=3349 outsize=6 kw=DIRECTIONAL SHADOWS_OFF ok=1
Cmd: compileSnippet
  api=0 type=0 insize=5184 outsize=3316 kw=DIRECTIONAL SHADOWS_OFF ok=1
Cmd: compileSnippet
  api=0 type=1 insize=5184 outsize=6 kw=DIRECTIONAL SHADOWS_OFF ok=1
Cmd: compileSnippet
  api=0 type=0 insize=1705 outsize=528 kw=SOFTPARTICLES_OFF ok=1
Cmd: compileSnippet
  api=0 type=1 insize=1705 outsize=6 kw=SOFTPARTICLES_OFF ok=1
Cmd: compileSnippet
  api=0 type=0 insize=751 outsize=1880 kw=SHADOWS_DEPTH ok=1
Cmd: compileSnippet
  api=0 type=1 insize=751 outsize=6 kw=SHADOWS_DEPTH ok=1
Cmd: compileSnippet
  api=0 type=0 insize=982 outsize=9749 kw=DIRECTIONAL SHADOWS_OFF LIGHTMAP_OFF DIRLIGHTMAP_OFF DYNAMICLIGHTMAP_OFF ok=1
Cmd: compileSnippet
  api=0 type=1 insize=982 outsize=6 kw=DIRECTIONAL SHADOWS_OFF LIGHTMAP_OFF DIRLIGHTMAP_OFF DYNAMICLIGHTMAP_OFF ok=1
Cmd: compileSnippet
  api=0 type=0 insize=938 outsize=5621 kw=DIRECTIONAL SHADOWS_OFF ok=1
Cmd: compileSnippet
  api=0 type=1 insize=938 outsize=6 kw=DIRECTIONAL SHADOWS_OFF ok=1
Cmd: compileSnippet
  api=0 type=0 insize=1275 outsize=2504 kw=DIRECTIONAL SHADOWS_OFF ok=1
Cmd: compileSnippet
  api=0 type=1 insize=1275 outsize=6 kw=DIRECTIONAL SHADOWS_OFF ok=1
Cmd: compileSnippet
  api=0 type=0 insize=9591 outsize=6366 kw=UNITY_COLORSPACE_GAMMA ok=1
Cmd: compileSnippet
  api=0 type=1 insize=9591 outsize=6 kw=UNITY_COLORSPACE_GAMMA ok=1
